INFO:employee:Created Employee: Mick Brown Mick.Brown@email.com
INFO:employee:Created Employee: Dave Burke Dave.Burke@email.com
INFO:employee:Created Employee: Paul Travis Paul.Travis@email.com
INFO:employee:Created Employee: Mark Reily Mark.Reily@email.com
INFO:employee:Created Employee: Dave Clinton Dave.Clinton@email.com
INFO:employee:Created Employee: Mick Brown Mick.Brown@email.com
INFO:employee:Created Employee: Dave Burke Dave.Burke@email.com
INFO:employee:Created Employee: Paul Travis Paul.Travis@email.com
INFO:employee:Created Employee: Mark Reily Mark.Reily@email.com
INFO:employee:Created Employee: Dave Clinton Dave.Clinton@email.com
INFO:employee:Created Employee: Mick Brown Mick.Brown@email.com
INFO:employee:Created Employee: Dave Burke Dave.Burke@email.com
INFO:employee:Created Employee: Paul Travis Paul.Travis@email.com
INFO:employee:Created Employee: Mark Reily Mark.Reily@email.com
INFO:employee:Created Employee: Dave Clinton Dave.Clinton@email.com
INFO:employee:Created Employee: Mick Brown Mick.Brown@email.com
INFO:employee:Created Employee: Dave Burke Dave.Burke@email.com
INFO:employee:Created Employee: Paul Travis Paul.Travis@email.com
INFO:employee:Created Employee: Mark Reily Mark.Reily@email.com
INFO:employee:Created Employee: Dave Clinton Dave.Clinton@email.com
